<?xml version="1.0" encoding="UTF-8" standalone="no"?><testsuite errors="0" failures="0" name="com.studentapp.junit.CreateRecordTest" skipped="0" tests="3" time="7.42" timestamp="2022-12-29 09:50:39"><testcase classname="com.studentapp.junit.CreateRecordTest" name="This will create new record"/><testcase classname="com.studentapp.junit.CreateRecordTest" name="This test gets the capital of Norway"/><testcase classname="com.studentapp.junit.CreateRecordTest" name="This test gets the request"/></testsuite>