<?xml version="1.0" encoding="UTF-8"?>
<testsuite name="com.studentapp.junit.CreateRecordTest" time="6.771" tests="3" errors="1" skipped="0" failures="0">
  <properties>
[...]
</properties>
  <testcase name="createNewRecord" classname="com.studentapp.junit.CreateRecordTest" time="3.592"/>
  <testcase name="getCapitalDetails" classname="com.studentapp.junit.CreateRecordTest" time="1.656">
    <error message="class java.util.ArrayList cannot be cast to class java.lang.String (java.util.ArrayList and java.lang.String are in module java.base of loader &apos;bootstrap&apos;)" type="java.lang.ClassCastException">java.lang.ClassCastException: class java.util.ArrayList cannot be cast to class java.lang.String (java.util.ArrayList and java.lang.String are in module java.base of loader 'bootstrap')
	at com.studentapp.junit.CreateRecordTest.getCapitalDetails(CreateRecordTest.java:81)
</error>
    <system-out><![CDATA[HTTP/1.1 200 OK
Date: Thu, 29 Dec 2022 15:52:17 GMT
Server: Apache/2.4.38 (Debian)
Cache-Control: public, immutable, max-age=31556926
Content-Type: application/json
content-encoding: gzip
content-length: 637
Keep-Alive: timeout=5, max=100
Connection: Keep-Alive

[
    {
        "name": "Norway",
        "topLevelDomain": [
            ".no"
        ],
        "alpha2Code": "NO",
        "alpha3Code": "NOR",
        "callingCodes": [
            "47"
        ],
        "capital": "Oslo",
        "altSpellings": [
            "NO",
            "Norge",
            "Noreg",
            "Kingdom of Norway",
            "Kongeriket Norge",
            "Kongeriket Noreg"
        ],
        "subregion": "Northern Europe",
        "region": "Europe",
        "population": 5379475,
        "latlng": [
            62.0,
            10.0
        ],
        "demonym": "Norwegian",
        "area": 323802.0,
        "gini": 27.6,
        "timezones": [
            "UTC+01:00"
        ],
        "borders": [
            "FIN",
            "SWE",
            "RUS"
        ],
        "nativeName": "Norge",
        "numericCode": "578",
        "flags": {
            "svg": "https://flagcdn.com/no.svg",
            "png": "https://flagcdn.com/w320/no.png"
        },
        "currencies": [
            {
                "code": "NOK",
                "name": "Norwegian krone",
                "symbol": "kr"
            }
        ],
        "languages": [
            {
                "iso639_1": "no",
                "iso639_2": "nor",
                "name": "Norwegian",
                "nativeName": "Norsk"
            },
            {
                "iso639_1": "nb",
                "iso639_2": "nob",
                "name": "Norwegian Bokmål",
                "nativeName": "Norsk bokmål"
            },
            {
                "iso639_1": "nn",
                "iso639_2": "nno",
                "name": "Norwegian Nynorsk",
                "nativeName": "Norsk nynorsk"
            }
        ],
        "translations": {
            "br": "Norvegia",
            "pt": "Noruega",
            "nl": "Noorwegen",
            "hr": "Norveška",
            "fa": "????",
            "de": "Norwegen",
            "es": "Noruega",
            "fr": "Norvège",
            "ja": "?????",
            "it": "Norvegia",
            "hu": "Norvégia"
        },
        "flag": "https://flagcdn.com/no.svg",
        "regionalBlocs": [
            {
                "acronym": "EFTA",
                "name": "European Free Trade Association"
            }
        ],
        "cioc": "NOR",
        "independent": true
    }
]
]]></system-out>
    <system-err><![CDATA[5556 [main] INFO  - 
  _____   ___   ___   _____     ___     _     ___   ___   ___   ___  
 |_   _| | __| / __| |_   _|   | _ \   /_\   / __| / __| | __| |   \ 
   | |   | _|  \__ \   | |     |  _/  / _ \  \__ \ \__ \ | _|  | |) |
   |_|   |___| |___/   |_|     |_|   /_/ \_\ |___/ |___/ |___| |___/ 

This will create new record
----------------------------------------------------------------------
5597 [main] INFO  - 
  _____   ___   ___   _____     ___   _____     _     ___   _____   ___   ___  
 |_   _| | __| / __| |_   _|   / __| |_   _|   /_\   | _ \ |_   _| | __| |   \ 
   | |   | _|  \__ \   | |     \__ \   | |    / _ \  |   /   | |   | _|  | |) |
   |_|   |___| |___/   |_|     |___/   |_|   /_/ \_\ |_|_\   |_|   |___| |___/ 

getCapitalDetails
--------------------------------------------------------------------------------
]]></system-err>
  </testcase>
  <testcase name="getCountryDetails" classname="com.studentapp.junit.CreateRecordTest" time="1.523"/>
</testsuite>